<?xml version="1.0" encoding="UTF-8"?>
<testsuites name="record and play" time="40.095" tests="2" failures="0" errors="0">
   <testsuite name="record and play" tests="2" failures="0" errors="0" time="40.095" skipped="0" timestamp="28-01-2024T03:03:17" hostname="User - DESKTOP-RHVOQ3Q" id="Test Suites/Amazon Testsuite/record and play">
      <properties>
         <property name="deviceName" value=""/>
         <property name="devicePlatform" value=""/>
         <property name="logFolder" value="C:\\Users\\User\\git\\SB_Amazon-Web_UI_Testing\\Reports\\20240128_030213\\Amazon Testsuite\\record and play\\20240128_030216"/>
         <property name="logFiles" value="C:\\Users\\User\\git\\SB_Amazon-Web_UI_Testing\\Reports\\20240128_030213\\Amazon Testsuite\\record and play\\20240128_030216\\execution0.log"/>
         <property name="attachments" value=""/>
         <property name="hostName" value="User - DESKTOP-RHVOQ3Q"/>
         <property name="os" value="Windows 10 64bit"/>
         <property name="katalonVersion" value="9.2.0.212"/>
         <property name="browser" value="Chrome 120.0.0.0"/>
         <property name="hostAddress" value="192.168.1.12"/>
         <property name="sessionId" value="72a837b84c6dfb92c212aa8b810a38d7"/>
         <property name="seleniumVersion" value="3.141.59"/>
         <property name="proxyInformation" value="ProxyInformation { proxyOption=NO_PROXY, proxyServerType=HTTP, username=, password=********, proxyServerAddress=, proxyServerPort=0, executionList=&quot;&quot;, isApplyToDesiredCapabilities=true }"/>
         <property name="platform" value="Windows 10"/>
      </properties>
      <testcase name="Test Cases/TC_Amazon/Record and play back mode/TC_AmazonHome_ValidateCreateNewAC_001" time="28.928" classname="Test Cases/TC_Amazon/Record and play back mode/TC_AmazonHome_ValidateCreateNewAC_001" status="PASSED">
         <system-out><![CDATA[28-01-2024T03:03:17 - [TEST_CASE][PASSED] - Test Cases/TC_Amazon/Record and play back mode/TC_AmazonHome_ValidateCreateNewAC_001: Test Cases/TC_Amazon/Record and play back mode/TC_AmazonHome_ValidateCreateNewAC_001

28-01-2024T03:03:18 - [TEST_STEP][PASSED] - openBrowser(""): Browser is opened with url: ''

28-01-2024T03:03:18 - [MESSAGE][INFO] - Starting 'Chrome' driver

28-01-2024T03:03:18 - [MESSAGE][INFO] - Action delay is set to 0 milliseconds

28-01-2024T03:03:20 - [MESSAGE][PASSED] - Browser is opened with url: ''

28-01-2024T03:03:20 - [TEST_STEP][PASSED] - navigateToUrl("https://www.amazon.com/"): Navigate to 'https://www.amazon.com/' successfully

28-01-2024T03:03:23 - [MESSAGE][PASSED] - Navigate to 'https://www.amazon.com/' successfully

28-01-2024T03:03:23 - [TEST_STEP][PASSED] - click(findTestObject("Object Repository/AmazonHome_Validate_CreateNewAC_OR/Page_Amazon.com. Spend less. Smile more/span_Hello, sign in")): Object: 'Object Repository/AmazonHome_Validate_CreateNewAC_OR/Page_Amazon.com. Spend less. Smile more/span_Hello, sign in' is clicked on

28-01-2024T03:03:36 - [MESSAGE][PASSED] - Object: 'Object Repository/AmazonHome_Validate_CreateNewAC_OR/Page_Amazon.com. Spend less. Smile more/span_Hello, sign in' is clicked on

28-01-2024T03:03:36 - [TEST_STEP][PASSED] - click(findTestObject("Object Repository/AmazonHome_Validate_CreateNewAC_OR/Page_Amazon Sign-In/a_Create your Amazon account")): Object: 'Object Repository/AmazonHome_Validate_CreateNewAC_OR/Page_Amazon Sign-In/a_Create your Amazon account' is clicked on

28-01-2024T03:03:39 - [MESSAGE][PASSED] - Object: 'Object Repository/AmazonHome_Validate_CreateNewAC_OR/Page_Amazon Sign-In/a_Create your Amazon account' is clicked on

28-01-2024T03:03:39 - [TEST_STEP][PASSED] - setText(findTestObject("Object Repository/AmazonHome_Validate_CreateNewAC_OR/Page_Amazon Registration/input_customerName"), "subham"): Text 'subham' is set on object 'Object Repository/AmazonHome_Validate_CreateNewAC_OR/Page_Amazon Registration/input_customerName'

28-01-2024T03:03:41 - [MESSAGE][PASSED] - Text 'subham' is set on object 'Object Repository/AmazonHome_Validate_CreateNewAC_OR/Page_Amazon Registration/input_customerName'

28-01-2024T03:03:41 - [TEST_STEP][PASSED] - setText(findTestObject("Object Repository/AmazonHome_Validate_CreateNewAC_OR/Page_Amazon Registration/input_email"), "shubham@gmail.com"): Text 'shubham@gmail.com' is set on object 'Object Repository/AmazonHome_Validate_CreateNewAC_OR/Page_Amazon Registration/input_email'

28-01-2024T03:03:41 - [MESSAGE][PASSED] - Text 'shubham@gmail.com' is set on object 'Object Repository/AmazonHome_Validate_CreateNewAC_OR/Page_Amazon Registration/input_email'

28-01-2024T03:03:41 - [TEST_STEP][PASSED] - setEncryptedText(findTestObject("Object Repository/AmazonHome_Validate_CreateNewAC_OR/Page_Amazon Registration/input_password"), "tnXB1jbPNDAOVoUnr2O+7A=="): Text ****** has been set on object 'Object Repository/AmazonHome_Validate_CreateNewAC_OR/Page_Amazon Registration/input_password'

28-01-2024T03:03:42 - [MESSAGE][PASSED] - Text ****** has been set on object 'Object Repository/AmazonHome_Validate_CreateNewAC_OR/Page_Amazon Registration/input_password'

28-01-2024T03:03:42 - [TEST_STEP][PASSED] - setEncryptedText(findTestObject("Object Repository/AmazonHome_Validate_CreateNewAC_OR/Page_Amazon Registration/input_passwordCheck"), "tnXB1jbPNDAOVoUnr2O+7A=="): Text ****** has been set on object 'Object Repository/AmazonHome_Validate_CreateNewAC_OR/Page_Amazon Registration/input_passwordCheck'

28-01-2024T03:03:43 - [MESSAGE][PASSED] - Text ****** has been set on object 'Object Repository/AmazonHome_Validate_CreateNewAC_OR/Page_Amazon Registration/input_passwordCheck'

28-01-2024T03:03:43 - [TEST_STEP][PASSED] - click(findTestObject("Object Repository/AmazonHome_Validate_CreateNewAC_OR/Page_Amazon Registration/inputcontinue")): Object: 'Object Repository/AmazonHome_Validate_CreateNewAC_OR/Page_Amazon Registration/inputcontinue' is clicked on

28-01-2024T03:03:45 - [MESSAGE][PASSED] - Object: 'Object Repository/AmazonHome_Validate_CreateNewAC_OR/Page_Amazon Registration/inputcontinue' is clicked on

28-01-2024T03:03:45 - [TEST_STEP][PASSED] - verifyElementPresent(findTestObject("Object Repository/AmazonHome_Validate_CreateNewAC_OR/Page_Amazon Registration/div_Theres already an account with this ema_a5b427"), 0): Object 'Object Repository/AmazonHome_Validate_CreateNewAC_OR/Page_Amazon Registration/div_Theres already an account with this ema_a5b427' is present

28-01-2024T03:03:45 - [MESSAGE][WARNING] - Timeout '0' is invalid. Using default page load timeout: '30'

28-01-2024T03:03:46 - [MESSAGE][PASSED] - Object 'Object Repository/AmazonHome_Validate_CreateNewAC_OR/Page_Amazon Registration/div_Theres already an account with this ema_a5b427' is present

28-01-2024T03:03:46 - [TEST_STEP][PASSED] - closeBrowser(): Browser is closed

28-01-2024T03:03:46 - [MESSAGE][PASSED] - Browser is closed]]></system-out>
         <system-err><![CDATA[]]></system-err>
      </testcase>
      <testcase name="Test Cases/TC_Amazon/Record and play back mode/TC_AmazonHome_Validate_Customer_Service_005" time="10.812" classname="Test Cases/TC_Amazon/Record and play back mode/TC_AmazonHome_Validate_Customer_Service_005" status="PASSED">
         <system-out><![CDATA[28-01-2024T03:03:46 - [TEST_CASE][PASSED] - Test Cases/TC_Amazon/Record and play back mode/TC_AmazonHome_Validate_Customer_Service_005: Test Cases/TC_Amazon/Record and play back mode/TC_AmazonHome_Validate_Customer_Service_005

28-01-2024T03:03:46 - [TEST_STEP][PASSED] - openBrowser(""): Browser is opened with url: ''

28-01-2024T03:03:46 - [MESSAGE][INFO] - Starting 'Chrome' driver

28-01-2024T03:03:46 - [MESSAGE][INFO] - Action delay is set to 0 milliseconds

28-01-2024T03:03:47 - [MESSAGE][PASSED] - Browser is opened with url: ''

28-01-2024T03:03:47 - [TEST_STEP][PASSED] - navigateToUrl("https://www.amazon.com/"): Navigate to 'https://www.amazon.com/' successfully

28-01-2024T03:03:50 - [MESSAGE][PASSED] - Navigate to 'https://www.amazon.com/' successfully

28-01-2024T03:03:50 - [TEST_STEP][PASSED] - click(findTestObject("Object Repository/AmazonHome_Validate_Customer_Service_OR/Page_Amazon.com. Spend less. Smile more/input_a-button-input")): Object: 'Object Repository/AmazonHome_Validate_Customer_Service_OR/Page_Amazon.com. Spend less. Smile more/input_a-button-input' is clicked on

28-01-2024T03:03:52 - [MESSAGE][PASSED] - Object: 'Object Repository/AmazonHome_Validate_Customer_Service_OR/Page_Amazon.com. Spend less. Smile more/input_a-button-input' is clicked on

28-01-2024T03:03:52 - [TEST_STEP][PASSED] - click(findTestObject("Object Repository/AmazonHome_Validate_Customer_Service_OR/Page_Amazon.com. Spend less. Smile more/a_Customer Service")): Object: 'Object Repository/AmazonHome_Validate_Customer_Service_OR/Page_Amazon.com. Spend less. Smile more/a_Customer Service' is clicked on

28-01-2024T03:03:56 - [MESSAGE][PASSED] - Object: 'Object Repository/AmazonHome_Validate_Customer_Service_OR/Page_Amazon.com. Spend less. Smile more/a_Customer Service' is clicked on

28-01-2024T03:03:56 - [TEST_STEP][PASSED] - verifyElementPresent(findTestObject("Object Repository/AmazonHome_Validate_Customer_Service_OR/Page_Help  Contact Us - Amazon Customer Service/h1_Welcome to Amazon Customer Service"), 0): Object 'Object Repository/AmazonHome_Validate_Customer_Service_OR/Page_Help  Contact Us - Amazon Customer Service/h1_Welcome to Amazon Customer Service' is present

28-01-2024T03:03:56 - [MESSAGE][WARNING] - Timeout '0' is invalid. Using default page load timeout: '30'

28-01-2024T03:03:57 - [MESSAGE][PASSED] - Object 'Object Repository/AmazonHome_Validate_Customer_Service_OR/Page_Help  Contact Us - Amazon Customer Service/h1_Welcome to Amazon Customer Service' is present

28-01-2024T03:03:57 - [TEST_STEP][PASSED] - closeBrowser(): Browser is closed

28-01-2024T03:03:57 - [MESSAGE][PASSED] - Browser is closed]]></system-out>
         <system-err><![CDATA[]]></system-err>
      </testcase>
      <system-out><![CDATA[28-01-2024T03:03:17 - [TEST_SUITE][PASSED] - record and play: Test Cases/TC_Amazon/Record and play back mode/TC_AmazonHome_Validate_Customer_Service_005]]></system-out>
      <system-err><![CDATA[]]></system-err>
   </testsuite>
</testsuites>
