<?xml version="1.0" encoding="UTF-8"?>
<testsuites name="DDT_Amazon_CatogaryValidation_testSuite" time="64.529" tests="3" failures="0" errors="0">
   <testsuite name="DDT_Amazon_CatogaryValidation_testSuite" tests="3" failures="0" errors="0" time="64.529" skipped="0" timestamp="28-01-2024T01:59:32" hostname="User - DESKTOP-RHVOQ3Q" id="Test Suites/DDT_Amazon_Category_Testsuit/DDT_Amazon_CatogaryValidation_testSuite">
      <properties>
         <property name="deviceName" value=""/>
         <property name="devicePlatform" value=""/>
         <property name="logFolder" value="C:\\Users\\User\\git\\SB_Amazon-Web_UI_Testing\\Reports\\20240128_015922\\DDT_Amazon_Category_Testsuit\\DDT_Amazon_CatogaryValidation_testSuite\\20240128_015922"/>
         <property name="logFiles" value="C:\\Users\\User\\git\\SB_Amazon-Web_UI_Testing\\Reports\\20240128_015922\\DDT_Amazon_Category_Testsuit\\DDT_Amazon_CatogaryValidation_testSuite\\20240128_015922\\execution0.log"/>
         <property name="attachments" value=""/>
         <property name="hostName" value="User - DESKTOP-RHVOQ3Q"/>
         <property name="os" value="Windows 10 64bit"/>
         <property name="katalonVersion" value="9.2.0.212"/>
         <property name="browser" value="Chrome 120.0.0.0"/>
         <property name="hostAddress" value="192.168.1.12"/>
         <property name="sessionId" value="3a534896188b4243193c2f120b817115"/>
         <property name="seleniumVersion" value="3.141.59"/>
         <property name="proxyInformation" value="ProxyInformation { proxyOption=NO_PROXY, proxyServerType=HTTP, username=, password=********, proxyServerAddress=, proxyServerPort=0, executionList=&quot;&quot;, isApplyToDesiredCapabilities=true }"/>
         <property name="platform" value="Windows 10"/>
      </properties>
      <testcase name="Test Cases/DDT/TC_Validation Amazon Category_Excel_003" time="31.774" classname="Test Cases/DDT/TC_Validation Amazon Category_Excel_003" status="PASSED">
         <system-out><![CDATA[28-01-2024T01:59:33 - [TEST_CASE][PASSED] - Test Cases/DDT/TC_Validation Amazon Category_Excel_003: Test Cases/DDT/TC_Validation Amazon Category_Excel_003

28-01-2024T01:59:34 - [TEST_STEP][PASSED] - openBrowser(""): Browser is opened with url: ''

28-01-2024T01:59:35 - [MESSAGE][INFO] - Starting 'Chrome' driver

28-01-2024T01:59:35 - [MESSAGE][INFO] - Action delay is set to 0 milliseconds

28-01-2024T01:59:38 - [MESSAGE][PASSED] - Browser is opened with url: ''

28-01-2024T01:59:38 - [TEST_STEP][PASSED] - navigateToUrl("https://www.amazon.com/"): Navigate to 'https://www.amazon.com/' successfully

28-01-2024T01:59:40 - [MESSAGE][PASSED] - Navigate to 'https://www.amazon.com/' successfully

28-01-2024T01:59:40 - [TEST_STEP][PASSED] - selectOptionByLabel(findTestObject("Amazon_Category_ValidationExcel_OR/Page_Amazon.com. Spend less. Smile more/categoryElement"), category, false): All options with label 'Arts & Crafts' are selected in object 'Object Repository/Amazon_Category_ValidationExcel_OR/Page_Amazon.com. Spend less. Smile more/categoryElement' 

28-01-2024T01:59:53 - [MESSAGE][PASSED] - All options with label 'Arts & Crafts' are selected in object 'Object Repository/Amazon_Category_ValidationExcel_OR/Page_Amazon.com. Spend less. Smile more/categoryElement' 

28-01-2024T01:59:53 - [TEST_STEP][PASSED] - setText(findTestObject("Amazon_Category_ValidationExcel_OR/Page_Amazon.com. Spend less. Smile more/input_Search Amazon_field-keywords"), item): Text 'Hanging Strips' is set on object 'Object Repository/Amazon_Category_ValidationExcel_OR/Page_Amazon.com. Spend less. Smile more/input_Search Amazon_field-keywords'

28-01-2024T01:59:54 - [MESSAGE][PASSED] - Text 'Hanging Strips' is set on object 'Object Repository/Amazon_Category_ValidationExcel_OR/Page_Amazon.com. Spend less. Smile more/input_Search Amazon_field-keywords'

28-01-2024T01:59:54 - [TEST_STEP][PASSED] - click(findTestObject("Amazon_Category_ValidationExcel_OR/Page_Amazon.com. Spend less. Smile more/input_Search Amazon_nav-search-submit-button")): Object: 'Object Repository/Amazon_Category_ValidationExcel_OR/Page_Amazon.com. Spend less. Smile more/input_Search Amazon_nav-search-submit-button' is clicked on

28-01-2024T02:00:04 - [MESSAGE][PASSED] - Object: 'Object Repository/Amazon_Category_ValidationExcel_OR/Page_Amazon.com. Spend less. Smile more/input_Search Amazon_nav-search-submit-button' is clicked on

28-01-2024T02:00:04 - [TEST_STEP][PASSED] - closeBrowser(): Browser is closed

28-01-2024T02:00:05 - [MESSAGE][PASSED] - Browser is closed]]></system-out>
         <system-err><![CDATA[]]></system-err>
      </testcase>
      <testcase name="Test Cases/DDT/TC_Validation Amazon Category_Excel_003" time="18.551" classname="Test Cases/DDT/TC_Validation Amazon Category_Excel_003" status="PASSED">
         <system-out><![CDATA[28-01-2024T02:00:05 - [TEST_CASE][PASSED] - Test Cases/DDT/TC_Validation Amazon Category_Excel_003: Test Cases/DDT/TC_Validation Amazon Category_Excel_003

28-01-2024T02:00:05 - [TEST_STEP][PASSED] - openBrowser(""): Browser is opened with url: ''

28-01-2024T02:00:05 - [MESSAGE][INFO] - Starting 'Chrome' driver

28-01-2024T02:00:05 - [MESSAGE][INFO] - Action delay is set to 0 milliseconds

28-01-2024T02:00:06 - [MESSAGE][PASSED] - Browser is opened with url: ''

28-01-2024T02:00:06 - [TEST_STEP][PASSED] - navigateToUrl("https://www.amazon.com/"): Navigate to 'https://www.amazon.com/' successfully

28-01-2024T02:00:10 - [MESSAGE][PASSED] - Navigate to 'https://www.amazon.com/' successfully

28-01-2024T02:00:10 - [TEST_STEP][PASSED] - selectOptionByLabel(findTestObject("Amazon_Category_ValidationExcel_OR/Page_Amazon.com. Spend less. Smile more/categoryElement"), category, false): All options with label 'Baby' are selected in object 'Object Repository/Amazon_Category_ValidationExcel_OR/Page_Amazon.com. Spend less. Smile more/categoryElement' 

28-01-2024T02:00:13 - [MESSAGE][PASSED] - All options with label 'Baby' are selected in object 'Object Repository/Amazon_Category_ValidationExcel_OR/Page_Amazon.com. Spend less. Smile more/categoryElement' 

28-01-2024T02:00:13 - [TEST_STEP][PASSED] - setText(findTestObject("Amazon_Category_ValidationExcel_OR/Page_Amazon.com. Spend less. Smile more/input_Search Amazon_field-keywords"), item): Text 'WaterWipes' is set on object 'Object Repository/Amazon_Category_ValidationExcel_OR/Page_Amazon.com. Spend less. Smile more/input_Search Amazon_field-keywords'

28-01-2024T02:00:14 - [MESSAGE][PASSED] - Text 'WaterWipes' is set on object 'Object Repository/Amazon_Category_ValidationExcel_OR/Page_Amazon.com. Spend less. Smile more/input_Search Amazon_field-keywords'

28-01-2024T02:00:14 - [TEST_STEP][PASSED] - click(findTestObject("Amazon_Category_ValidationExcel_OR/Page_Amazon.com. Spend less. Smile more/input_Search Amazon_nav-search-submit-button")): Object: 'Object Repository/Amazon_Category_ValidationExcel_OR/Page_Amazon.com. Spend less. Smile more/input_Search Amazon_nav-search-submit-button' is clicked on

28-01-2024T02:00:23 - [MESSAGE][PASSED] - Object: 'Object Repository/Amazon_Category_ValidationExcel_OR/Page_Amazon.com. Spend less. Smile more/input_Search Amazon_nav-search-submit-button' is clicked on

28-01-2024T02:00:23 - [TEST_STEP][PASSED] - closeBrowser(): Browser is closed

28-01-2024T02:00:23 - [MESSAGE][PASSED] - Browser is closed]]></system-out>
         <system-err><![CDATA[]]></system-err>
      </testcase>
      <testcase name="Test Cases/DDT/TC_Validation Amazon Category_Excel_003" time="13.398" classname="Test Cases/DDT/TC_Validation Amazon Category_Excel_003" status="PASSED">
         <system-out><![CDATA[28-01-2024T02:00:23 - [TEST_CASE][PASSED] - Test Cases/DDT/TC_Validation Amazon Category_Excel_003: Test Cases/DDT/TC_Validation Amazon Category_Excel_003

28-01-2024T02:00:23 - [TEST_STEP][PASSED] - openBrowser(""): Browser is opened with url: ''

28-01-2024T02:00:23 - [MESSAGE][INFO] - Starting 'Chrome' driver

28-01-2024T02:00:23 - [MESSAGE][INFO] - Action delay is set to 0 milliseconds

28-01-2024T02:00:25 - [MESSAGE][PASSED] - Browser is opened with url: ''

28-01-2024T02:00:25 - [TEST_STEP][PASSED] - navigateToUrl("https://www.amazon.com/"): Navigate to 'https://www.amazon.com/' successfully

28-01-2024T02:00:29 - [MESSAGE][PASSED] - Navigate to 'https://www.amazon.com/' successfully

28-01-2024T02:00:29 - [TEST_STEP][PASSED] - selectOptionByLabel(findTestObject("Amazon_Category_ValidationExcel_OR/Page_Amazon.com. Spend less. Smile more/categoryElement"), category, false): All options with label 'Books' are selected in object 'Object Repository/Amazon_Category_ValidationExcel_OR/Page_Amazon.com. Spend less. Smile more/categoryElement' 

28-01-2024T02:00:31 - [MESSAGE][PASSED] - All options with label 'Books' are selected in object 'Object Repository/Amazon_Category_ValidationExcel_OR/Page_Amazon.com. Spend less. Smile more/categoryElement' 

28-01-2024T02:00:31 - [TEST_STEP][PASSED] - setText(findTestObject("Amazon_Category_ValidationExcel_OR/Page_Amazon.com. Spend less. Smile more/input_Search Amazon_field-keywords"), item): Text 'Da Vinci Code' is set on object 'Object Repository/Amazon_Category_ValidationExcel_OR/Page_Amazon.com. Spend less. Smile more/input_Search Amazon_field-keywords'

28-01-2024T02:00:32 - [MESSAGE][PASSED] - Text 'Da Vinci Code' is set on object 'Object Repository/Amazon_Category_ValidationExcel_OR/Page_Amazon.com. Spend less. Smile more/input_Search Amazon_field-keywords'

28-01-2024T02:00:32 - [TEST_STEP][PASSED] - click(findTestObject("Amazon_Category_ValidationExcel_OR/Page_Amazon.com. Spend less. Smile more/input_Search Amazon_nav-search-submit-button")): Object: 'Object Repository/Amazon_Category_ValidationExcel_OR/Page_Amazon.com. Spend less. Smile more/input_Search Amazon_nav-search-submit-button' is clicked on

28-01-2024T02:00:36 - [MESSAGE][PASSED] - Object: 'Object Repository/Amazon_Category_ValidationExcel_OR/Page_Amazon.com. Spend less. Smile more/input_Search Amazon_nav-search-submit-button' is clicked on

28-01-2024T02:00:36 - [TEST_STEP][PASSED] - closeBrowser(): Browser is closed

28-01-2024T02:00:37 - [MESSAGE][PASSED] - Browser is closed]]></system-out>
         <system-err><![CDATA[]]></system-err>
      </testcase>
      <system-out><![CDATA[28-01-2024T01:59:32 - [TEST_SUITE][PASSED] - DDT_Amazon_CatogaryValidation_testSuite: Test Cases/DDT/TC_Validation Amazon Category_Excel_003]]></system-out>
      <system-err><![CDATA[]]></system-err>
   </testsuite>
</testsuites>
