<?xml version="1.0" encoding="UTF-8"?>
<testsuites name="script mode" time="32.128" tests="1" failures="0" errors="0">
   <testsuite name="script mode" tests="1" failures="0" errors="0" time="32.128" skipped="0" timestamp="28-01-2024T03:04:05" hostname="User - DESKTOP-RHVOQ3Q" id="Test Suites/Amazon Testsuite/script mode">
      <properties>
         <property name="deviceName" value=""/>
         <property name="devicePlatform" value=""/>
         <property name="logFolder" value="C:\\Users\\User\\git\\SB_Amazon-Web_UI_Testing\\Reports\\20240128_030213\\Amazon Testsuite\\script mode\\20240128_030218"/>
         <property name="logFiles" value="C:\\Users\\User\\git\\SB_Amazon-Web_UI_Testing\\Reports\\20240128_030213\\Amazon Testsuite\\script mode\\20240128_030218\\execution0.log"/>
         <property name="attachments" value=""/>
         <property name="hostName" value="User - DESKTOP-RHVOQ3Q"/>
         <property name="os" value="Windows 10 64bit"/>
         <property name="katalonVersion" value="9.2.0.212"/>
         <property name="browser" value="Chrome 120.0.0.0"/>
         <property name="hostAddress" value="192.168.1.12"/>
         <property name="sessionId" value="98bde197c3c11acbc258d172e30c2755"/>
         <property name="seleniumVersion" value="3.141.59"/>
         <property name="proxyInformation" value="ProxyInformation { proxyOption=NO_PROXY, proxyServerType=HTTP, username=, password=********, proxyServerAddress=, proxyServerPort=0, executionList=&quot;&quot;, isApplyToDesiredCapabilities=true }"/>
         <property name="platform" value="Windows 10"/>
      </properties>
      <testcase name="Test Cases/TC_Amazon/Script mode/TC_Amazonhome_Validate_Todays_Deals_006" time="31.817" classname="Test Cases/TC_Amazon/Script mode/TC_Amazonhome_Validate_Todays_Deals_006" status="PASSED">
         <system-out><![CDATA[28-01-2024T03:04:06 - [TEST_CASE][PASSED] - Test Cases/TC_Amazon/Script mode/TC_Amazonhome_Validate_Todays_Deals_006: Test Cases/TC_Amazon/Script mode/TC_Amazonhome_Validate_Todays_Deals_006

28-01-2024T03:04:06 - [TEST_STEP][PASSED] - openBrowser(""): Browser is opened with url: ''

28-01-2024T03:04:07 - [MESSAGE][INFO] - Starting 'Chrome' driver

28-01-2024T03:04:07 - [MESSAGE][INFO] - Action delay is set to 0 milliseconds

28-01-2024T03:04:09 - [MESSAGE][PASSED] - Browser is opened with url: ''

28-01-2024T03:04:09 - [TEST_STEP][PASSED] - navigateToUrl("https://www.amazon.com/"): Navigate to 'https://www.amazon.com/' successfully

28-01-2024T03:04:12 - [MESSAGE][PASSED] - Navigate to 'https://www.amazon.com/' successfully

28-01-2024T03:04:12 - [TEST_STEP][PASSED] - click(findTestObject("Object Repository/AmazonHome_Validate_TodaysDeals_OR/Page_Amazon.com. Spend less. Smile more/input_a-button-input")): Object: 'Object Repository/AmazonHome_Validate_TodaysDeals_OR/Page_Amazon.com. Spend less. Smile more/input_a-button-input' is clicked on

28-01-2024T03:04:28 - [MESSAGE][PASSED] - Object: 'Object Repository/AmazonHome_Validate_TodaysDeals_OR/Page_Amazon.com. Spend less. Smile more/input_a-button-input' is clicked on

28-01-2024T03:04:28 - [TEST_STEP][PASSED] - click(findTestObject("Object Repository/AmazonHome_Validate_TodaysDeals_OR/Page_Amazon.com. Spend less. Smile more/a_Todays Deals")): Object: 'Object Repository/AmazonHome_Validate_TodaysDeals_OR/Page_Amazon.com. Spend less. Smile more/a_Todays Deals' is clicked on

28-01-2024T03:04:35 - [MESSAGE][PASSED] - Object: 'Object Repository/AmazonHome_Validate_TodaysDeals_OR/Page_Amazon.com. Spend less. Smile more/a_Todays Deals' is clicked on

28-01-2024T03:04:35 - [TEST_STEP][PASSED] - verifyElementPresent(findTestObject("Object Repository/AmazonHome_Validate_TodaysDeals_OR/Page_Amazon  Deals/div_Todays Deals                        Cou_7c1b01"), 0): Object 'Object Repository/AmazonHome_Validate_TodaysDeals_OR/Page_Amazon  Deals/div_Todays Deals                        Cou_7c1b01' is present

28-01-2024T03:04:35 - [MESSAGE][WARNING] - Timeout '0' is invalid. Using default page load timeout: '30'

28-01-2024T03:04:37 - [MESSAGE][PASSED] - Object 'Object Repository/AmazonHome_Validate_TodaysDeals_OR/Page_Amazon  Deals/div_Todays Deals                        Cou_7c1b01' is present

28-01-2024T03:04:37 - [TEST_STEP][PASSED] - closeBrowser(): Browser is closed

28-01-2024T03:04:37 - [MESSAGE][PASSED] - Browser is closed]]></system-out>
         <system-err><![CDATA[]]></system-err>
      </testcase>
      <system-out><![CDATA[28-01-2024T03:04:05 - [TEST_SUITE][PASSED] - script mode: Test Cases/TC_Amazon/Script mode/TC_Amazonhome_Validate_Todays_Deals_006]]></system-out>
      <system-err><![CDATA[]]></system-err>
   </testsuite>
</testsuites>
