<?xml version="1.0" encoding="UTF-8"?>
<testsuites name="Manual mode" time="41.95" tests="2" failures="0" errors="0">
   <testsuite name="Manual mode" tests="2" failures="0" errors="0" time="41.95" skipped="0" timestamp="28-01-2024T03:02:27" hostname="User - DESKTOP-RHVOQ3Q" id="Test Suites/Amazon Testsuite/Manual mode">
      <properties>
         <property name="deviceName" value=""/>
         <property name="devicePlatform" value=""/>
         <property name="logFolder" value="C:\\Users\\User\\git\\SB_Amazon-Web_UI_Testing\\Reports\\20240128_030213\\Amazon Testsuite\\Manual mode\\20240128_030214"/>
         <property name="logFiles" value="C:\\Users\\User\\git\\SB_Amazon-Web_UI_Testing\\Reports\\20240128_030213\\Amazon Testsuite\\Manual mode\\20240128_030214\\execution0.log"/>
         <property name="attachments" value=""/>
         <property name="hostName" value="User - DESKTOP-RHVOQ3Q"/>
         <property name="os" value="Windows 10 64bit"/>
         <property name="katalonVersion" value="9.2.0.212"/>
         <property name="browser" value="Firefox 122.0"/>
         <property name="hostAddress" value="192.168.1.12"/>
         <property name="sessionId" value="db469c6b-d7e5-4a50-91cf-17701e188c6e"/>
         <property name="seleniumVersion" value="3.141.59"/>
         <property name="proxyInformation" value="ProxyInformation { proxyOption=NO_PROXY, proxyServerType=HTTP, username=, password=********, proxyServerAddress=, proxyServerPort=0, executionList=&quot;&quot;, isApplyToDesiredCapabilities=true }"/>
         <property name="platform" value="Windows 10"/>
      </properties>
      <testcase name="Test Cases/TC_Amazon/Manual mode/TC_AmazonHome_ValidateDeliver_Location_006" time="20.345" classname="Test Cases/TC_Amazon/Manual mode/TC_AmazonHome_ValidateDeliver_Location_006" status="PASSED">
         <system-out><![CDATA[28-01-2024T03:02:27 - [TEST_CASE][PASSED] - Test Cases/TC_Amazon/Manual mode/TC_AmazonHome_ValidateDeliver_Location_006: Test Cases/TC_Amazon/Manual mode/TC_AmazonHome_ValidateDeliver_Location_006

28-01-2024T03:02:27 - [TEST_STEP][PASSED] - openBrowser(""): Browser is opened with url: ''

28-01-2024T03:02:28 - [MESSAGE][INFO] - Starting 'Firefox' driver

28-01-2024T03:02:28 - [MESSAGE][INFO] - Action delay is set to 0 milliseconds

28-01-2024T03:02:34 - [MESSAGE][PASSED] - Browser is opened with url: ''

28-01-2024T03:02:34 - [TEST_STEP][PASSED] - navigateToUrl("https://www.amazon.com"): Navigate to 'https://www.amazon.com' successfully

28-01-2024T03:02:38 - [MESSAGE][PASSED] - Navigate to 'https://www.amazon.com' successfully

28-01-2024T03:02:38 - [TEST_STEP][PASSED] - click(findTestObject("AmazonHome_ValidateDeliver_Location_OR/Page_Amazon.com. Spend less. Smile more/a_Deliver to                                                   India")): Object: 'Object Repository/AmazonHome_ValidateDeliver_Location_OR/Page_Amazon.com. Spend less. Smile more/a_Deliver to                                                   India' is clicked on

28-01-2024T03:02:39 - [MESSAGE][PASSED] - Object: 'Object Repository/AmazonHome_ValidateDeliver_Location_OR/Page_Amazon.com. Spend less. Smile more/a_Deliver to                                                   India' is clicked on

28-01-2024T03:02:39 - [TEST_STEP][PASSED] - click(findTestObject("AmazonHome_ValidateDeliver_Location_OR/Page_Amazon.com. Spend less. Smile more/span_Ship outside the US")): Object: 'Object Repository/AmazonHome_ValidateDeliver_Location_OR/Page_Amazon.com. Spend less. Smile more/span_Ship outside the US' is clicked on

28-01-2024T03:02:42 - [MESSAGE][PASSED] - Object: 'Object Repository/AmazonHome_ValidateDeliver_Location_OR/Page_Amazon.com. Spend less. Smile more/span_Ship outside the US' is clicked on

28-01-2024T03:02:42 - [TEST_STEP][PASSED] - click(findTestObject("AmazonHome_ValidateDeliver_Location_OR/Page_Amazon.com. Spend less. Smile more/a_Singapore")): Object: 'Object Repository/AmazonHome_ValidateDeliver_Location_OR/Page_Amazon.com. Spend less. Smile more/a_Singapore' is clicked on

28-01-2024T03:02:43 - [MESSAGE][PASSED] - Object: 'Object Repository/AmazonHome_ValidateDeliver_Location_OR/Page_Amazon.com. Spend less. Smile more/a_Singapore' is clicked on

28-01-2024T03:02:43 - [TEST_STEP][PASSED] - click(findTestObject("AmazonHome_ValidateDeliver_Location_OR/Page_Amazon.com. Spend less. Smile more/button_Done")): Object: 'Object Repository/AmazonHome_ValidateDeliver_Location_OR/Page_Amazon.com. Spend less. Smile more/button_Done' is clicked on

28-01-2024T03:02:44 - [MESSAGE][PASSED] - Object: 'Object Repository/AmazonHome_ValidateDeliver_Location_OR/Page_Amazon.com. Spend less. Smile more/button_Done' is clicked on

28-01-2024T03:02:44 - [TEST_STEP][PASSED] - closeBrowser(): Browser is closed

28-01-2024T03:02:47 - [MESSAGE][PASSED] - Browser is closed]]></system-out>
         <system-err><![CDATA[]]></system-err>
      </testcase>
      <testcase name="Test Cases/TC_Amazon/Manual mode/TC_AmazonValidate_Login_002" time="21.258" classname="Test Cases/TC_Amazon/Manual mode/TC_AmazonValidate_Login_002" status="PASSED">
         <system-out><![CDATA[28-01-2024T03:02:47 - [TEST_CASE][PASSED] - Test Cases/TC_Amazon/Manual mode/TC_AmazonValidate_Login_002: Test Cases/TC_Amazon/Manual mode/TC_AmazonValidate_Login_002

28-01-2024T03:02:47 - [TEST_STEP][PASSED] - openBrowser(""): Browser is opened with url: ''

28-01-2024T03:02:47 - [MESSAGE][INFO] - Starting 'Firefox' driver

28-01-2024T03:02:47 - [MESSAGE][INFO] - Action delay is set to 0 milliseconds

28-01-2024T03:02:52 - [MESSAGE][PASSED] - Browser is opened with url: ''

28-01-2024T03:02:52 - [TEST_STEP][PASSED] - navigateToUrl("https://www.amazon.com/"): Navigate to 'https://www.amazon.com/' successfully

28-01-2024T03:02:55 - [MESSAGE][PASSED] - Navigate to 'https://www.amazon.com/' successfully

28-01-2024T03:02:55 - [TEST_STEP][PASSED] - click(findTestObject("Object Repository/Amazon_Validate_login_OR/Page_Amazon.com. Spend less. Smile more/span_Hello, sign in")): Object: 'Object Repository/Amazon_Validate_login_OR/Page_Amazon.com. Spend less. Smile more/span_Hello, sign in' is clicked on

28-01-2024T03:02:58 - [MESSAGE][PASSED] - Object: 'Object Repository/Amazon_Validate_login_OR/Page_Amazon.com. Spend less. Smile more/span_Hello, sign in' is clicked on

28-01-2024T03:02:58 - [TEST_STEP][PASSED] - setText(findTestObject("Object Repository/Amazon_Validate_login_OR/Page_Amazon Sign-In/input_email"), "9294923885"): Text '9294923885' is set on object 'Object Repository/Amazon_Validate_login_OR/Page_Amazon Sign-In/input_email'

28-01-2024T03:03:00 - [MESSAGE][PASSED] - Text '9294923885' is set on object 'Object Repository/Amazon_Validate_login_OR/Page_Amazon Sign-In/input_email'

28-01-2024T03:03:00 - [TEST_STEP][PASSED] - click(findTestObject("Object Repository/Amazon_Validate_login_OR/Page_Amazon Sign-In/inputcontinue")): Object: 'Object Repository/Amazon_Validate_login_OR/Page_Amazon Sign-In/inputcontinue' is clicked on

28-01-2024T03:03:02 - [MESSAGE][PASSED] - Object: 'Object Repository/Amazon_Validate_login_OR/Page_Amazon Sign-In/inputcontinue' is clicked on

28-01-2024T03:03:02 - [TEST_STEP][PASSED] - setEncryptedText(findTestObject("Object Repository/Amazon_Validate_login_OR/Page_Amazon Sign-In/input_password"), "RigbBhfdqODKcAsiUrg+1Q=="): Text ****** has been set on object 'Object Repository/Amazon_Validate_login_OR/Page_Amazon Sign-In/input_password'

28-01-2024T03:03:03 - [MESSAGE][PASSED] - Text ****** has been set on object 'Object Repository/Amazon_Validate_login_OR/Page_Amazon Sign-In/input_password'

28-01-2024T03:03:03 - [TEST_STEP][PASSED] - click(findTestObject("Object Repository/Amazon_Validate_login_OR/Page_Amazon Sign-In/inputsignInSubmit")): Object: 'Object Repository/Amazon_Validate_login_OR/Page_Amazon Sign-In/inputsignInSubmit' is clicked on

28-01-2024T03:03:06 - [MESSAGE][PASSED] - Object: 'Object Repository/Amazon_Validate_login_OR/Page_Amazon Sign-In/inputsignInSubmit' is clicked on

28-01-2024T03:03:06 - [TEST_STEP][PASSED] - closeBrowser(): Browser is closed

28-01-2024T03:03:09 - [MESSAGE][PASSED] - Browser is closed]]></system-out>
         <system-err><![CDATA[]]></system-err>
      </testcase>
      <system-out><![CDATA[28-01-2024T03:02:27 - [TEST_SUITE][PASSED] - Manual mode: Test Cases/TC_Amazon/Manual mode/TC_AmazonValidate_Login_002]]></system-out>
      <system-err><![CDATA[]]></system-err>
   </testsuite>
</testsuites>
