<?xml version="1.0" encoding="UTF-8"?>
<testsuites name="DDT_Amazon_CatogaryValidation_testSuite" time="58.557" tests="3" failures="0" errors="0">
   <testsuite name="DDT_Amazon_CatogaryValidation_testSuite" tests="3" failures="0" errors="0" time="58.557" skipped="0" timestamp="27-01-2024T18:03:17" hostname="User - DESKTOP-RHVOQ3Q" id="Test Suites/DDT_Amazon_Category_Testsuit/DDT_Amazon_CatogaryValidation_testSuite">
      <properties>
         <property name="deviceName" value=""/>
         <property name="devicePlatform" value=""/>
         <property name="logFolder" value="C:\\Users\\User\\git\\SB_Amazon-Web_UI_Testing\\Reports\\20240127_180257\\DDT_Amazon_Category_Testsuit\\DDT_Amazon_CatogaryValidation_testSuite\\20240127_180257"/>
         <property name="logFiles" value="C:\\Users\\User\\git\\SB_Amazon-Web_UI_Testing\\Reports\\20240127_180257\\DDT_Amazon_Category_Testsuit\\DDT_Amazon_CatogaryValidation_testSuite\\20240127_180257\\execution0.log"/>
         <property name="attachments" value=""/>
         <property name="hostName" value="User - DESKTOP-RHVOQ3Q"/>
         <property name="os" value="Windows 10 64bit"/>
         <property name="katalonVersion" value="9.2.0.212"/>
         <property name="browser" value="Chrome 120.0.0.0"/>
         <property name="hostAddress" value="192.168.1.12"/>
         <property name="sessionId" value="8e8ccccc203b3c2873d72888ea0d3bd5"/>
         <property name="seleniumVersion" value="3.141.59"/>
         <property name="proxyInformation" value="ProxyInformation { proxyOption=NO_PROXY, proxyServerType=HTTP, username=, password=********, proxyServerAddress=, proxyServerPort=0, executionList=&quot;&quot;, isApplyToDesiredCapabilities=true }"/>
         <property name="platform" value="Windows 10"/>
      </properties>
      <testcase name="Test Cases/DDT/TC_Validation Amazon Category_Excel_001" time="23.386" classname="Test Cases/DDT/TC_Validation Amazon Category_Excel_001" status="PASSED">
         <system-out><![CDATA[27-01-2024T18:03:17 - [TEST_CASE][PASSED] - Test Cases/DDT/TC_Validation Amazon Category_Excel_001: Test Cases/DDT/TC_Validation Amazon Category_Excel_001

27-01-2024T18:03:18 - [TEST_STEP][PASSED] - openBrowser(""): Browser is opened with url: ''

27-01-2024T18:03:19 - [MESSAGE][INFO] - Starting 'Chrome' driver

27-01-2024T18:03:19 - [MESSAGE][INFO] - Action delay is set to 0 milliseconds

27-01-2024T18:03:24 - [MESSAGE][PASSED] - Browser is opened with url: ''

27-01-2024T18:03:24 - [TEST_STEP][PASSED] - navigateToUrl("https://www.amazon.com/"): Navigate to 'https://www.amazon.com/' successfully

27-01-2024T18:03:28 - [MESSAGE][PASSED] - Navigate to 'https://www.amazon.com/' successfully

27-01-2024T18:03:28 - [TEST_STEP][PASSED] - selectOptionByLabel(findTestObject("Amazon_Category_ValidationExcel_OR/Page_Amazon.com. Spend less. Smile more/categoryElement"), category, false): All options with label 'Arts & Crafts' are selected in object 'Object Repository/Amazon_Category_ValidationExcel_OR/Page_Amazon.com. Spend less. Smile more/categoryElement' 

27-01-2024T18:03:30 - [MESSAGE][PASSED] - All options with label 'Arts & Crafts' are selected in object 'Object Repository/Amazon_Category_ValidationExcel_OR/Page_Amazon.com. Spend less. Smile more/categoryElement' 

27-01-2024T18:03:30 - [TEST_STEP][PASSED] - setText(findTestObject("Amazon_Category_ValidationExcel_OR/Page_Amazon.com. Spend less. Smile more/input_Search Amazon_field-keywords"), item): Text 'Hanging Strips' is set on object 'Object Repository/Amazon_Category_ValidationExcel_OR/Page_Amazon.com. Spend less. Smile more/input_Search Amazon_field-keywords'

27-01-2024T18:03:32 - [MESSAGE][PASSED] - Text 'Hanging Strips' is set on object 'Object Repository/Amazon_Category_ValidationExcel_OR/Page_Amazon.com. Spend less. Smile more/input_Search Amazon_field-keywords'

27-01-2024T18:03:32 - [TEST_STEP][PASSED] - click(findTestObject("Amazon_Category_ValidationExcel_OR/Page_Amazon.com. Spend less. Smile more/input_Search Amazon_nav-search-submit-button")): Object: 'Object Repository/Amazon_Category_ValidationExcel_OR/Page_Amazon.com. Spend less. Smile more/input_Search Amazon_nav-search-submit-button' is clicked on

27-01-2024T18:03:40 - [MESSAGE][PASSED] - Object: 'Object Repository/Amazon_Category_ValidationExcel_OR/Page_Amazon.com. Spend less. Smile more/input_Search Amazon_nav-search-submit-button' is clicked on

27-01-2024T18:03:40 - [TEST_STEP][PASSED] - closeBrowser(): Browser is closed

27-01-2024T18:03:41 - [MESSAGE][PASSED] - Browser is closed]]></system-out>
         <system-err><![CDATA[]]></system-err>
      </testcase>
      <testcase name="Test Cases/DDT/TC_Validation Amazon Category_Excel_001" time="19.977" classname="Test Cases/DDT/TC_Validation Amazon Category_Excel_001" status="PASSED">
         <system-out><![CDATA[27-01-2024T18:03:41 - [TEST_CASE][PASSED] - Test Cases/DDT/TC_Validation Amazon Category_Excel_001: Test Cases/DDT/TC_Validation Amazon Category_Excel_001

27-01-2024T18:03:41 - [TEST_STEP][PASSED] - openBrowser(""): Browser is opened with url: ''

27-01-2024T18:03:41 - [MESSAGE][INFO] - Starting 'Chrome' driver

27-01-2024T18:03:41 - [MESSAGE][INFO] - Action delay is set to 0 milliseconds

27-01-2024T18:03:44 - [MESSAGE][PASSED] - Browser is opened with url: ''

27-01-2024T18:03:44 - [TEST_STEP][PASSED] - navigateToUrl("https://www.amazon.com/"): Navigate to 'https://www.amazon.com/' successfully

27-01-2024T18:03:49 - [MESSAGE][PASSED] - Navigate to 'https://www.amazon.com/' successfully

27-01-2024T18:03:49 - [TEST_STEP][PASSED] - selectOptionByLabel(findTestObject("Amazon_Category_ValidationExcel_OR/Page_Amazon.com. Spend less. Smile more/categoryElement"), category, false): All options with label 'Baby' are selected in object 'Object Repository/Amazon_Category_ValidationExcel_OR/Page_Amazon.com. Spend less. Smile more/categoryElement' 

27-01-2024T18:03:51 - [MESSAGE][PASSED] - All options with label 'Baby' are selected in object 'Object Repository/Amazon_Category_ValidationExcel_OR/Page_Amazon.com. Spend less. Smile more/categoryElement' 

27-01-2024T18:03:51 - [TEST_STEP][PASSED] - setText(findTestObject("Amazon_Category_ValidationExcel_OR/Page_Amazon.com. Spend less. Smile more/input_Search Amazon_field-keywords"), item): Text 'WaterWipes' is set on object 'Object Repository/Amazon_Category_ValidationExcel_OR/Page_Amazon.com. Spend less. Smile more/input_Search Amazon_field-keywords'

27-01-2024T18:03:53 - [MESSAGE][PASSED] - Text 'WaterWipes' is set on object 'Object Repository/Amazon_Category_ValidationExcel_OR/Page_Amazon.com. Spend less. Smile more/input_Search Amazon_field-keywords'

27-01-2024T18:03:53 - [TEST_STEP][PASSED] - click(findTestObject("Amazon_Category_ValidationExcel_OR/Page_Amazon.com. Spend less. Smile more/input_Search Amazon_nav-search-submit-button")): Object: 'Object Repository/Amazon_Category_ValidationExcel_OR/Page_Amazon.com. Spend less. Smile more/input_Search Amazon_nav-search-submit-button' is clicked on

27-01-2024T18:04:00 - [MESSAGE][PASSED] - Object: 'Object Repository/Amazon_Category_ValidationExcel_OR/Page_Amazon.com. Spend less. Smile more/input_Search Amazon_nav-search-submit-button' is clicked on

27-01-2024T18:04:00 - [TEST_STEP][PASSED] - closeBrowser(): Browser is closed

27-01-2024T18:04:01 - [MESSAGE][PASSED] - Browser is closed]]></system-out>
         <system-err><![CDATA[]]></system-err>
      </testcase>
      <testcase name="Test Cases/DDT/TC_Validation Amazon Category_Excel_001" time="14.444" classname="Test Cases/DDT/TC_Validation Amazon Category_Excel_001" status="PASSED">
         <system-out><![CDATA[27-01-2024T18:04:01 - [TEST_CASE][PASSED] - Test Cases/DDT/TC_Validation Amazon Category_Excel_001: Test Cases/DDT/TC_Validation Amazon Category_Excel_001

27-01-2024T18:04:01 - [TEST_STEP][PASSED] - openBrowser(""): Browser is opened with url: ''

27-01-2024T18:04:01 - [MESSAGE][INFO] - Starting 'Chrome' driver

27-01-2024T18:04:01 - [MESSAGE][INFO] - Action delay is set to 0 milliseconds

27-01-2024T18:04:04 - [MESSAGE][PASSED] - Browser is opened with url: ''

27-01-2024T18:04:04 - [TEST_STEP][PASSED] - navigateToUrl("https://www.amazon.com/"): Navigate to 'https://www.amazon.com/' successfully

27-01-2024T18:04:08 - [MESSAGE][PASSED] - Navigate to 'https://www.amazon.com/' successfully

27-01-2024T18:04:08 - [TEST_STEP][PASSED] - selectOptionByLabel(findTestObject("Amazon_Category_ValidationExcel_OR/Page_Amazon.com. Spend less. Smile more/categoryElement"), category, false): All options with label 'Books' are selected in object 'Object Repository/Amazon_Category_ValidationExcel_OR/Page_Amazon.com. Spend less. Smile more/categoryElement' 

27-01-2024T18:04:09 - [MESSAGE][PASSED] - All options with label 'Books' are selected in object 'Object Repository/Amazon_Category_ValidationExcel_OR/Page_Amazon.com. Spend less. Smile more/categoryElement' 

27-01-2024T18:04:09 - [TEST_STEP][PASSED] - setText(findTestObject("Amazon_Category_ValidationExcel_OR/Page_Amazon.com. Spend less. Smile more/input_Search Amazon_field-keywords"), item): Text 'Da Vinci Code' is set on object 'Object Repository/Amazon_Category_ValidationExcel_OR/Page_Amazon.com. Spend less. Smile more/input_Search Amazon_field-keywords'

27-01-2024T18:04:11 - [MESSAGE][PASSED] - Text 'Da Vinci Code' is set on object 'Object Repository/Amazon_Category_ValidationExcel_OR/Page_Amazon.com. Spend less. Smile more/input_Search Amazon_field-keywords'

27-01-2024T18:04:11 - [TEST_STEP][PASSED] - click(findTestObject("Amazon_Category_ValidationExcel_OR/Page_Amazon.com. Spend less. Smile more/input_Search Amazon_nav-search-submit-button")): Object: 'Object Repository/Amazon_Category_ValidationExcel_OR/Page_Amazon.com. Spend less. Smile more/input_Search Amazon_nav-search-submit-button' is clicked on

27-01-2024T18:04:15 - [MESSAGE][PASSED] - Object: 'Object Repository/Amazon_Category_ValidationExcel_OR/Page_Amazon.com. Spend less. Smile more/input_Search Amazon_nav-search-submit-button' is clicked on

27-01-2024T18:04:15 - [TEST_STEP][PASSED] - closeBrowser(): Browser is closed

27-01-2024T18:04:15 - [MESSAGE][PASSED] - Browser is closed]]></system-out>
         <system-err><![CDATA[]]></system-err>
      </testcase>
      <system-out><![CDATA[27-01-2024T18:03:17 - [TEST_SUITE][PASSED] - DDT_Amazon_CatogaryValidation_testSuite: Test Cases/DDT/TC_Validation Amazon Category_Excel_001]]></system-out>
      <system-err><![CDATA[]]></system-err>
   </testsuite>
</testsuites>
